<?xml version="1.0" encoding="UTF-8"?>
<testsuite xmlns:xsi="http://www.w3.org/2001/XMLSchema-instance" xsi:noNamespaceSchemaLocation="https://maven.apache.org/surefire/maven-surefire-plugin/xsd/surefire-test-report-3.0.xsd" version="3.0" name="com.insureme.insurance_service.InsuranceServiceApplicationTests" time="12.164" tests="1" errors="0" skipped="0" failures="0">
  <properties>
[...]
</properties>
  <testcase name="contextLoads" classname="com.insureme.insurance_service.InsuranceServiceApplicationTests" time="1.03">
    <system-out><![CDATA[13:54:06.498 [main] INFO org.springframework.test.context.support.AnnotationConfigContextLoaderUtils -- Could not detect default configuration classes for test class [com.insureme.insurance_service.InsuranceServiceApplicationTests]: InsuranceServiceApplicationTests does not declare any static, non-private, non-final, nested classes annotated with @Configuration.
13:54:06.758 [main] INFO org.springframework.boot.test.context.SpringBootTestContextBootstrapper -- Found @SpringBootConfiguration com.insureme.insurance_service.InsuranceServiceApplication for test class com.insureme.insurance_service.InsuranceServiceApplicationTests

  .   ____          _            __ _ _
 /\\ / ___'_ __ _ _(_)_ __  __ _ \ \ \ \
( ( )\___ | '_ | '_| | '_ \/ _` | \ \ \ \
 \\/  ___)| |_)| | | | | || (_| |  ) ) ) )
  '  |____| .__|_| |_|_| |_\__, | / / / /
 =========|_|==============|___/=/_/_/_/
 :: Spring Boot ::                (v3.2.5)

2025-05-26T13:54:08.055+05:30  INFO 16644 --- [insurance-service] [           main] c.i.i.InsuranceServiceApplicationTests   : Starting InsuranceServiceApplicationTests using Java 21.0.6 with PID 16644 (started by TigerhoodUday in E:\project\2025\Devops\project\insurance-microservice\insurance-service)
2025-05-26T13:54:08.066+05:30  INFO 16644 --- [insurance-service] [           main] c.i.i.InsuranceServiceApplicationTests   : No active profile set, falling back to 1 default profile: "default"
2025-05-26T13:54:09.845+05:30  INFO 16644 --- [insurance-service] [           main] .s.d.r.c.RepositoryConfigurationDelegate : Bootstrapping Spring Data JPA repositories in DEFAULT mode.
2025-05-26T13:54:09.993+05:30  INFO 16644 --- [insurance-service] [           main] .s.d.r.c.RepositoryConfigurationDelegate : Finished Spring Data repository scanning in 124 ms. Found 1 JPA repository interface.
2025-05-26T13:54:10.695+05:30  INFO 16644 --- [insurance-service] [           main] com.zaxxer.hikari.HikariDataSource       : HikariPool-1 - Starting...
2025-05-26T13:54:11.194+05:30  INFO 16644 --- [insurance-service] [           main] com.zaxxer.hikari.pool.HikariPool        : HikariPool-1 - Added connection conn0: url=jdbc:h2:mem:insureme user=SA
2025-05-26T13:54:11.198+05:30  INFO 16644 --- [insurance-service] [           main] com.zaxxer.hikari.HikariDataSource       : HikariPool-1 - Start completed.
2025-05-26T13:54:11.474+05:30  INFO 16644 --- [insurance-service] [           main] o.hibernate.jpa.internal.util.LogHelper  : HHH000204: Processing PersistenceUnitInfo [name: default]
2025-05-26T13:54:11.604+05:30  INFO 16644 --- [insurance-service] [           main] org.hibernate.Version                    : HHH000412: Hibernate ORM core version 6.4.4.Final
2025-05-26T13:54:11.718+05:30  INFO 16644 --- [insurance-service] [           main] o.h.c.internal.RegionFactoryInitiator    : HHH000026: Second-level cache disabled
2025-05-26T13:54:12.363+05:30  INFO 16644 --- [insurance-service] [           main] o.s.o.j.p.SpringPersistenceUnitInfo      : No LoadTimeWeaver setup: ignoring JPA class transformer
2025-05-26T13:54:12.665+05:30  WARN 16644 --- [insurance-service] [           main] org.hibernate.orm.deprecation            : HHH90000025: H2Dialect does not need to be specified explicitly using 'hibernate.dialect' (remove the property setting and it will be selected by default)
2025-05-26T13:54:14.255+05:30  INFO 16644 --- [insurance-service] [           main] o.h.e.t.j.p.i.JtaPlatformInitiator       : HHH000489: No JTA platform available (set 'hibernate.transaction.jta.platform' to enable JTA platform integration)
2025-05-26T13:54:14.340+05:30  INFO 16644 --- [insurance-service] [           main] j.LocalContainerEntityManagerFactoryBean : Initialized JPA EntityManagerFactory for persistence unit 'default'
2025-05-26T13:54:15.645+05:30  WARN 16644 --- [insurance-service] [           main] JpaBaseConfiguration$JpaWebConfiguration : spring.jpa.open-in-view is enabled by default. Therefore, database queries may be performed during view rendering. Explicitly configure spring.jpa.open-in-view to disable this warning
2025-05-26T13:54:15.745+05:30  INFO 16644 --- [insurance-service] [           main] o.s.b.a.w.s.WelcomePageHandlerMapping    : Adding welcome page: class path resource [static/index.html]
2025-05-26T13:54:17.004+05:30  INFO 16644 --- [insurance-service] [           main] o.s.b.a.h2.H2ConsoleAutoConfiguration    : H2 console available at '/h2-console'. Database available at 'jdbc:h2:mem:insureme'
2025-05-26T13:54:17.148+05:30  INFO 16644 --- [insurance-service] [           main] c.i.i.InsuranceServiceApplicationTests   : Started InsuranceServiceApplicationTests in 9.813 seconds (process running for 12.477)
]]></system-out>
    <system-err><![CDATA[WARNING: A Java agent has been loaded dynamically (C:\Users\Udayg\.m2\repository\net\bytebuddy\byte-buddy-agent\1.14.13\byte-buddy-agent-1.14.13.jar)
WARNING: If a serviceability tool is in use, please run with -XX:+EnableDynamicAgentLoading to hide this warning
WARNING: If a serviceability tool is not in use, please run with -Djdk.instrument.traceUsage for more information
WARNING: Dynamic loading of agents will be disallowed by default in a future release
]]></system-err>
  </testcase>
</testsuite>